<?xml version="1.0" encoding="UTF-8"?>
<!-- Generated by org.testng.reporters.JUnitXMLReporter -->
<testsuite ignored="1" hostname="DESKTOP-3EG2OHA" failures="0" tests="2" name="SubmitOrder" time="60.848" errors="0" timestamp="2025-11-22T18:47:20 IST">
  <testcase classname="rahulshettyacadamy.Test.SubmitOrderTest" name="SubmitOrder" time="18.208"/>
  <testcase classname="rahulshettyacadamy.Test.SubmitOrderTest" name="SubmitOrder" time="18.643"/>
  <testcase classname="rahulshettyacadamy.Test.SubmitOrderTest" name="OrderHistory" time="0.0">
    <ignored/>
  </testcase> <!-- OrderHistory -->
</testsuite> <!-- SubmitOrder -->
